\BOOKMARK [0][-]{chapter.1}{Nozioni di base}{}% 1
\BOOKMARK [1][-]{section.1.1}{Misura di una grandezza}{chapter.1}% 2
\BOOKMARK [1][-]{section.1.2}{Grandezze fisiche fondamentali e derivate}{chapter.1}% 3
\BOOKMARK [1][-]{section.1.3}{Sistemi di Unit\340 di Misura}{chapter.1}% 4
\BOOKMARK [2][-]{subsection.1.3.1}{Ulteriori Unit\340 di Misura}{section.1.3}% 5
\BOOKMARK [1][-]{section.1.4}{Notazione Scientifica}{chapter.1}% 6
\BOOKMARK [1][-]{section.1.5}{Analisi Dimensionale}{chapter.1}% 7
\BOOKMARK [1][-]{section.1.6}{Sistemi di Coordinate}{chapter.1}% 8
\BOOKMARK [2][-]{subsection.1.6.1}{Coordinate cartesiane}{section.1.6}% 9
\BOOKMARK [2][-]{subsection.1.6.2}{Coordinate scalari}{section.1.6}% 10
\BOOKMARK [1][-]{section.1.7}{Grandezze scalari e grandezze vettoriali}{chapter.1}% 11
\BOOKMARK [2][-]{subsection.1.7.1}{Grandezza scalare}{section.1.7}% 12
\BOOKMARK [2][-]{subsection.1.7.2}{Grandezza vettoriale}{section.1.7}% 13
\BOOKMARK [1][-]{section.1.8}{Propriet\340 e operazioni con i vettori}{chapter.1}% 14
\BOOKMARK [2][-]{subsection.1.8.1}{Uguaglianza di due vettori}{section.1.8}% 15
\BOOKMARK [2][-]{subsection.1.8.2}{Somma tra vettori \(metodo grafico\)}{section.1.8}% 16
\BOOKMARK [2][-]{subsection.1.8.3}{Opposto di un vettore}{section.1.8}% 17
\BOOKMARK [2][-]{subsection.1.8.4}{Sottrazione tra vettori}{section.1.8}% 18
\BOOKMARK [2][-]{subsection.1.8.5}{Prodotto tra un vettore e uno scalare}{section.1.8}% 19
\BOOKMARK [1][-]{section.1.9}{Componenti di un vettore e vettori unitari}{chapter.1}% 20
\BOOKMARK [2][-]{subsection.1.9.1}{Componenti di un vettore}{section.1.9}% 21
\BOOKMARK [2][-]{subsection.1.9.2}{Vettori unitari}{section.1.9}% 22
\BOOKMARK [2][-]{subsection.1.9.3}{Somma tra vettori \(metodo con vettori unitari\)}{section.1.9}% 23
\BOOKMARK [0][-]{chapter.2}{Cinematica}{}% 24
\BOOKMARK [1][-]{section.2.1}{Moto in una dimensione}{chapter.2}% 25
\BOOKMARK [1][-]{section.2.2}{Posizione, spostamento e distanza}{chapter.2}% 26
\BOOKMARK [1][-]{section.2.3}{Velocit\340 media e istantanea}{chapter.2}% 27
\BOOKMARK [1][-]{section.2.4}{Moto Rettilineo Uniforme}{chapter.2}% 28
\BOOKMARK [1][-]{section.2.5}{Accelerazione media e istantanea}{chapter.2}% 29
\BOOKMARK [1][-]{section.2.6}{Moto rettilineo uniformemente accelerato}{chapter.2}% 30
